<?xml version="1.0" encoding="UTF-8"?>
<!-- Generated by org.testng.reporters.JUnitReportReporter -->
<testsuite skipped="0" hostname="Harish" name="com.mk.test.TestRunner" tests="1" failures="0" timestamp="13 Aug 2018 03:22:17 GMT" time="25.511" errors="0">
  <testcase name="feature" time="25.511" classname="com.mk.test.TestRunner"/>
</testsuite> <!-- com.mk.test.TestRunner -->
