<?xml version="1.0" encoding="UTF-8"?>
<!-- Generated by org.testng.reporters.JUnitReportReporter -->
<testsuite skipped="0" hostname="Harish" name="com.mk.test.TestRunner2" tests="1" failures="0" timestamp="16 Aug 2018 04:18:35 GMT" time="18.501" errors="0">
  <testcase name="feature" time="18.501" classname="com.mk.test.TestRunner2"/>
</testsuite> <!-- com.mk.test.TestRunner2 -->
